{"level":"ERROR","timestamp":"2025-10-04T04:08:09.204Z","context":"Order","message":"Failed to update order","metadata":{"id":1,"reason":"DB error"}}
{"level":"ERROR","timestamp":"2025-10-04T04:08:27.730Z","context":"Order","message":"Failed to update order","metadata":{"id":1,"reason":"DB error"}}
{"level":"ERROR","timestamp":"2025-10-04T04:47:44.419Z","context":"Order","message":"Failed to update order","metadata":{"id":1,"reason":"DB error"}}
{"level":"ERROR","timestamp":"2025-10-04T04:49:58.096Z","context":"Order","message":"Failed to update order","metadata":{"id":1,"reason":"DB error"}}
{"level":"ERROR","timestamp":"2025-10-04T04:50:24.935Z","context":"Order","message":"Failed to update order","metadata":{"id":1,"reason":"DB error"}}
{"level":"ERROR","timestamp":"2025-10-04T04:52:00.181Z","context":"Order","message":"Failed to update order","metadata":{"id":1,"reason":"DB error"}}
{"level":"ERROR","timestamp":"2025-10-04T04:57:12.222Z","context":"Order","message":"Failed to update order","metadata":{"id":1,"reason":"DB error"}}
{"level":"ERROR","timestamp":"2025-10-04T04:57:25.662Z","context":"Order","message":"Failed to update order","metadata":{"id":1,"reason":"DB error"}}
{"level":"ERROR","timestamp":"2025-10-04T04:59:57.893Z","context":"Order","message":"Failed to update order","metadata":{"id":1,"reason":"DB error"}}
{"level":"ERROR","timestamp":"2025-10-04T05:01:06.609Z","context":"Order","message":"Failed to update order","metadata":{"id":1,"reason":"DB error"}}
{"level":"ERROR","timestamp":"2025-10-04T05:01:32.902Z","context":"Order","message":"Failed to update order","metadata":{"id":1,"reason":"DB error"}}
{"level":"ERROR","timestamp":"2025-10-04T05:01:50.405Z","context":"Order","message":"Failed to update order","metadata":{"id":1,"reason":"DB error"}}
{"level":"ERROR","timestamp":"2025-10-04T05:02:17.128Z","context":"Order","message":"Failed to update order","metadata":{"id":1,"reason":"DB error"}}
{"level":"ERROR","timestamp":"2025-10-04T05:02:28.019Z","context":"Order","message":"Failed to update order","metadata":{"id":1,"reason":"DB error"}}
{"level":"ERROR","timestamp":"2025-10-04T05:03:45.037Z","context":"Order","message":"Failed to update order","metadata":{"id":1,"reason":"DB error"}}
{"level":"ERROR","timestamp":"2025-10-04T05:03:57.367Z","context":"Order","message":"Failed to update order","metadata":{"id":1,"reason":"DB error"}}
{"level":"ERROR","timestamp":"2025-10-04T05:05:28.338Z","context":"Order","message":"Failed to update order","metadata":{"id":1,"reason":"DB error"}}
{"level":"ERROR","timestamp":"2025-10-04T05:13:44.111Z","context":"Order","message":"Failed to update order","metadata":{"id":1,"reason":"DB error"}}
{"level":"DEBUG","timestamp":"2025-10-04T05:20:33.784Z","context":"DevContext","message":"Debug message","metadata":{"foo":"bar"}}
{"level":"FATAL","timestamp":"2025-10-04T05:20:33.799Z","context":"DevContext","message":"Fatal message","metadata":{"foo":"bar"}}
{"level":"INFO","timestamp":"2025-10-04T05:20:33.792Z","context":"DevContext","message":"Info message","metadata":{"foo":"bar"}}
{"level":"WARN","timestamp":"2025-10-04T05:20:33.794Z","context":"DevContext","message":"Warn message","metadata":{"foo":"bar"}}
{"level":"WARN","timestamp":"2025-10-04T05:20:33.801Z","context":"ProdContext","message":"Warn message","metadata":{"foo":"bar"}}
{"level":"ERROR","timestamp":"2025-10-04T05:20:33.795Z","context":"DevContext","message":"Error message","metadata":{"foo":"bar"}}
{"level":"ERROR","timestamp":"2025-10-04T05:20:33.804Z","context":"ProdContext","message":"Error message","metadata":{"foo":"bar"}}
{"level":"FATAL","timestamp":"2025-10-04T05:20:33.806Z","context":"ProdContext","message":"Fatal message","metadata":{"foo":"bar"}}
